time="2024-06-25T07:22:19-04:00" level=warning msg="C:\\Users\\yup339\\Desktop\\transcendance\\docker-compose.yml: `version` is obsolete"
#0 building with "default" instance using docker driver

#1 [django internal] load build definition from dockerfile
#1 transferring dockerfile:
#1 transferring dockerfile: 659B done
#1 DONE 0.5s

#2 [django internal] load metadata for docker.io/library/python:3.10
#2 DONE 1.4s

#3 [django internal] load .dockerignore
#3 transferring context: 2B done
#3 DONE 0.3s

#4 [django 1/5] FROM docker.io/library/python:3.10@sha256:bb4c63ac8c19ffbdb69dd7b62841fb5d76bde06c65cd031194f655d6747fa1d5
#4 DONE 0.0s

#5 [django internal] load build context
#5 transferring context: 2.61MB 0.1s done
#5 DONE 0.5s

#6 [django 2/5] WORKDIR /code
#6 CACHED

#7 [django 3/5] COPY . /code/
#7 CACHED

#8 [django 4/5] RUN pip install -r requirements.txt
#8 CACHED

#9 [django 5/5] RUN python manage.py collectstatic --noinput
#9 CACHED

#10 [django] exporting to image
#10 exporting layers done
#10 writing image sha256:1bc8ca3c4e9ca95421db6d496c6babd93002dcfab2732e13e6dd2d34a04c882a
#10 writing image sha256:1bc8ca3c4e9ca95421db6d496c6babd93002dcfab2732e13e6dd2d34a04c882a 0.3s done
#10 naming to docker.io/library/transcendance-django
#10 naming to docker.io/library/transcendance-django 0.1s done
#10 DONE 0.8s
2024/06/25 07:22:27 http2: server: error reading preface from client //./pipe/docker_engine: file has already been closed

#11 [nginx internal] load build definition from dockerfile
#11 transferring dockerfile:
#11 transferring dockerfile: 893B done
#11 DONE 0.5s

#12 [nginx internal] load metadata for docker.io/library/debian:buster
#12 DONE 1.4s

#13 [nginx internal] load .dockerignore
#13 transferring context:
#13 transferring context: 2B done
#13 DONE 0.8s

#14 [nginx 1/7] FROM docker.io/library/debian:buster@sha256:58ce6f1271ae1c8a2006ff7d3e54e9874d839f573d8009c20154ad0f2fb0a225
#14 DONE 0.0s

#15 [nginx internal] load build context
#15 transferring context: 1.32kB done
#15 DONE 0.9s

#16 [nginx 2/7] RUN apt-get update && apt-get install -y nginx openssl
#16 CACHED

#17 [nginx 3/7] RUN mkdir -p /etc/nginx/ssl
#17 CACHED

#18 [nginx 4/7] RUN openssl req -x509 -nodes -days 365 -newkey rsa:4096 -keyout /etc/nginx/ssl/nginx.key -out /etc/nginx/ssl/nginx.crt -subj "/C=CA/ST=QC/L=QC/O=42/CN=pbergero.42.fr/CN=localhost"  -sha256
#18 CACHED

#19 [nginx 5/7] RUN rm -rf /etc/nginx/nginx.conf
#19 CACHED

#20 [nginx 6/7] COPY conf/nginx.conf /etc/nginx/nginx.conf
#20 CACHED

#21 [nginx 7/7] RUN chown -R www-data:www-data /var/www/html
#21 CACHED

#22 [nginx] exporting to image
#22 exporting layers done
#22 writing image sha256:9e29739fd4063576ef20c3744b4570c3c6ea9b154acf0e0644242656e8d9fe62
#22 writing image sha256:9e29739fd4063576ef20c3744b4570c3c6ea9b154acf0e0644242656e8d9fe62 0.4s done
#22 naming to docker.io/library/transcendance-nginx
#22 naming to docker.io/library/transcendance-nginx 0.2s done
#22 DONE 0.8s
 Container django  Created
 Container nginx  Created
Attaching to django, nginx
django  | 2024-06-25 11:22:39,004 INFO     Starting server at tcp:port=8000:interface=0.0.0.0
django  | 2024-06-25 11:22:39,004 INFO     HTTP/2 support enabled
django  | 2024-06-25 11:22:39,005 INFO     Configuring endpoint tcp:port=8000:interface=0.0.0.0
django  | 2024-06-25 11:22:39,005 INFO     Listening on TCP address 0.0.0.0:8000
[Kdjango exited with code 137
[Kdjango has been recreated
[Knginx exited with code 0
[Knginx has been recreated
django  | 2024-06-25 11:39:28,721 INFO     Starting server at tcp:port=8000:interface=0.0.0.0
django  | 2024-06-25 11:39:28,722 INFO     HTTP/2 support enabled
django  | 2024-06-25 11:39:28,722 INFO     Configuring endpoint tcp:port=8000:interface=0.0.0.0
django  | 2024-06-25 11:39:28,723 INFO     Listening on TCP address 0.0.0.0:8000
django  | 172.20.0.3:59702 - - [25/Jun/2024:11:40:28] "GET /" 200 2413
django  | 172.20.0.3:59712 - - [25/Jun/2024:11:40:28] "GET /favicon.ico" 200 2413
django  | 172.20.0.3:59718 - - [25/Jun/2024:11:40:30] "GET /" 200 2413
django  | 172.20.0.3:59734 - - [25/Jun/2024:11:40:30] "GET /favicon.ico" 200 2413
django  | 172.20.0.3:59736 - - [25/Jun/2024:11:40:30] "GET /" 200 2413
django  | 172.20.0.3:59752 - - [25/Jun/2024:11:40:31] "GET /favicon.ico" 200 2413
Gracefully stopping... (press Ctrl+C again to force)
 Container nginx  Stopping
 Container nginx  Stopped
 Container django  Stopping
 Container django  Stopped
canceled
